<?xml version="1.0" encoding="UTF-8"?>
<!-- Generated by org.testng.reporters.JUnitXMLReporter -->
<testsuite hostname="U0088373" ignored="2" name="All_Tests" tests="3" failures="0" timestamp="12 Jan 2017 21:56:49 GMT" time="29.146" errors="0">
  <testcase name="findLogo" time="0.05" classname="tests.Home"/>
  <testcase name="findSearchTextBox" time="0.001" classname="tests.Home"/>
  <testcase name="login" time="3.149" classname="tests.Login"/>
  <testcase name="@BeforeSuite beforeSuite" time="0.0" classname="testUtilities.TestBase">
    <ignored/>
  </testcase> <!-- @BeforeSuite beforeSuite -->
  <testcase name="@AfterSuite afterEverySuite" time="0.0" classname="testUtilities.TestBase">
    <ignored/>
  </testcase> <!-- @AfterSuite afterEverySuite -->
</testsuite> <!-- All_Tests -->
